*** Starting uWSGI 2.0.20 (64bit) on [Mon Dec  6 15:08:05 2021] ***
compiled with version: 9.3.0 on 06 December 2021 06:28:53
os: Linux-5.4.0-90-generic #101-Ubuntu SMP Fri Oct 15 20:00:55 UTC 2021
nodename: server
machine: x86_64
clock source: unix
detected number of CPU cores: 1
current working directory: /home/web
detected binary path: /usr/local/bin/uwsgi
!!! no internal routing support, rebuild with pcre support !!!
uWSGI running as root, you can use --uid/--gid/--chroot options
*** WARNING: you are running uWSGI as root !!! (use the --uid flag) *** 
chdir() to /home/web
your processes number limit is 7719
your memory page size is 4096 bytes
detected max file descriptor number: 65535
lock engine: pthread robust mutexes
thunder lock: disabled (you can enable it with --thunder-lock)
uwsgi socket 0 bound to TCP address 127.0.0.1:8000; fd 3
uWSGI running as root, you can use --uid/--gid/--chroot options
*** WARNING: you are running uWSGI as root !!! (use the --uid flag) *** 
Python version: 3.8.10 (default, Sep 28 2021, 16:10:42)  [GCC 9.3.0]
*** Python threads support is disabled. You can enable it with --enable-threads ***
Python main interpreter initialized at 0x55cdad292ca0
uWSGI running as root, you can use --uid/--gid/--chroot options
*** WARNING: you are running uWSGI as root !!! (use the --uid flag) *** 
your server socket listen backlog is limited to 100 connections
your mercy for graceful operations on workers is 60 seconds
mapped 145808 bytes (142 KB) for 1 cores
*** Operational MODE: single process ***
WSGI app 0 (mountpoint='') ready in 0 seconds on interpreter 0x55cdad292ca0 pid: 35116 (default app)
uWSGI running as root, you can use --uid/--gid/--chroot options
*** WARNING: you are running uWSGI as root !!! (use the --uid flag) *** 
*** uWSGI is running in multiple interpreter mode ***
spawned uWSGI master process (pid: 35116)
spawned uWSGI worker 1 (pid: 35118, cores: 1)
*** Starting uWSGI 2.0.20 (64bit) on [Mon Dec  6 15:49:17 2021] ***
compiled with version: 9.3.0 on 06 December 2021 06:28:53
os: Linux-5.4.0-90-generic #101-Ubuntu SMP Fri Oct 15 20:00:55 UTC 2021
nodename: server
machine: x86_64
clock source: unix
detected number of CPU cores: 1
current working directory: /home/web
detected binary path: /usr/local/bin/uwsgi
!!! no internal routing support, rebuild with pcre support !!!
uWSGI running as root, you can use --uid/--gid/--chroot options
*** WARNING: you are running uWSGI as root !!! (use the --uid flag) *** 
chdir() to /home/web
your processes number limit is 7719
your memory page size is 4096 bytes
detected max file descriptor number: 65535
lock engine: pthread robust mutexes
thunder lock: disabled (you can enable it with --thunder-lock)
probably another instance of uWSGI is running on the same address (127.0.0.1:8000;).
bind(): Address already in use [core/socket.c line 769]
SIGINT/SIGTERM received...killing workers...
worker 1 buried after 1 seconds
goodbye to uWSGI.
